build/outputs/logs/manifest-merger-debug-report.txt
-- Merging decision tree log ---
manifest
ADDED from src/main/AndroidManifest.xml:2:1-51:12
	xmlns:tools
		ADDED from src/main/AndroidManifest.xml:6:5-51
	xmlns:android
		ADDED from src/main/AndroidManifest.xml:2:11-69
	package
		ADDED from src/main/AndroidManifest.xml:3:5-31
		INJECTED from src/main/AndroidManifest.xml
		INJECTED from src/main/AndroidManifest.xml
	android:versionName
		ADDED from src/main/AndroidManifest.xml:5:5-30
	android:versionCode
		ADDED from src/main/AndroidManifest.xml:4:5-28
		INJECTED from src/main/AndroidManifest.xml
		INJECTED from src/main/AndroidManifest.xml
uses-sdk
ADDED from src/main/AndroidManifest.xml:8:5-11:47
MERGED from [com.android.support:support-v4:22.2.1] AndroidManifest.xml:20:5-43
MERGED from [com.facebook.android:facebook-android-sdk:4.6.0] AndroidManifest.xml:24:5-26:41
MERGED from [com.android.support:support-v4:22.2.1] AndroidManifest.xml:20:5-43
	android:targetSdkVersion
		ADDED from src/main/AndroidManifest.xml:10:9-38
		INJECTED from src/main/AndroidManifest.xml
		INJECTED from src/main/AndroidManifest.xml
	android:minSdkVersion
		ADDED from src/main/AndroidManifest.xml:9:9-34
		INJECTED from src/main/AndroidManifest.xml
		INJECTED from src/main/AndroidManifest.xml
	tools:overrideLibrary
		ADDED from src/main/AndroidManifest.xml:11:9-45
uses-permission#android.permission.WRITE_EXTERNAL_STORAGE
ADDED from src/main/AndroidManifest.xml:13:5-81
	android:name
		ADDED from src/main/AndroidManifest.xml:13:22-78
uses-permission#android.permission.READ_PHONE_STATE
ADDED from src/main/AndroidManifest.xml:14:5-75
	android:name
		ADDED from src/main/AndroidManifest.xml:14:22-72
uses-permission#android.permission.WRITE_SETTINGS
ADDED from src/main/AndroidManifest.xml:15:5-73
	android:name
		ADDED from src/main/AndroidManifest.xml:15:22-70
uses-permission#android.permission.MOUNT_UNMOUNT_FILESYSTEMS
ADDED from src/main/AndroidManifest.xml:16:5-84
	android:name
		ADDED from src/main/AndroidManifest.xml:16:22-81
uses-permission#android.permission.INTERNET
ADDED from src/main/AndroidManifest.xml:17:5-67
	android:name
		ADDED from src/main/AndroidManifest.xml:17:22-64
uses-permission#android.permission.ACCESS_NETWORK_STATE
ADDED from src/main/AndroidManifest.xml:18:5-79
	android:name
		ADDED from src/main/AndroidManifest.xml:18:22-76
application
ADDED from src/main/AndroidManifest.xml:19:5-49:19
MERGED from [com.android.support:support-v4:22.2.1] AndroidManifest.xml:22:5-20
MERGED from [com.facebook.android:facebook-android-sdk:4.6.0] AndroidManifest.xml:28:5-20
MERGED from [com.android.support:support-v4:22.2.1] AndroidManifest.xml:22:5-20
	android:label
		ADDED from src/main/AndroidManifest.xml:23:9-41
	android:allowBackup
		ADDED from src/main/AndroidManifest.xml:21:9-35
	android:icon
		ADDED from src/main/AndroidManifest.xml:22:9-45
	android:theme
		ADDED from src/main/AndroidManifest.xml:24:9-40
	android:name
		ADDED from src/main/AndroidManifest.xml:20:9-44
meta-data#com.facebook.sdk.ApplicationId
ADDED from src/main/AndroidManifest.xml:25:9-118
	android:name
		ADDED from src/main/AndroidManifest.xml:25:20-65
	android:value
		ADDED from src/main/AndroidManifest.xml:25:66-105
activity#com.uci.notshare.MainActivity
ADDED from src/main/AndroidManifest.xml:26:9-34:20
	android:label
		ADDED from src/main/AndroidManifest.xml:28:13-45
	android:name
		ADDED from src/main/AndroidManifest.xml:27:13-41
intent-filter#android.intent.action.MAIN+android.intent.category.LAUNCHER
ADDED from src/main/AndroidManifest.xml:29:13-33:29
action#android.intent.action.MAIN
ADDED from src/main/AndroidManifest.xml:30:17-69
	android:name
		ADDED from src/main/AndroidManifest.xml:30:25-66
category#android.intent.category.LAUNCHER
ADDED from src/main/AndroidManifest.xml:32:17-77
	android:name
		ADDED from src/main/AndroidManifest.xml:32:27-74
activity#com.uci.notshare.CustomGalleryActivity
ADDED from src/main/AndroidManifest.xml:35:9-42:13
	android:name
		ADDED from src/main/AndroidManifest.xml:35:19-55
intent-filter#android.intent.category.DEFAULT+luminous.ACTION_MULTIPLE_PICK+luminous.ACTION_PICK
ADDED from src/main/AndroidManifest.xml:36:13-41:29
action#luminous.ACTION_PICK
ADDED from src/main/AndroidManifest.xml:37:17-63
	android:name
		ADDED from src/main/AndroidManifest.xml:37:25-60
action#luminous.ACTION_MULTIPLE_PICK
ADDED from src/main/AndroidManifest.xml:38:17-72
	android:name
		ADDED from src/main/AndroidManifest.xml:38:25-69
category#android.intent.category.DEFAULT
ADDED from src/main/AndroidManifest.xml:40:17-76
	android:name
		ADDED from src/main/AndroidManifest.xml:40:27-73
activity#com.uci.notshare.Login
ADDED from src/main/AndroidManifest.xml:43:9-51
	android:name
		ADDED from src/main/AndroidManifest.xml:43:19-39
activity#com.uci.notshare.PostNotes
ADDED from src/main/AndroidManifest.xml:44:9-55
	android:name
		ADDED from src/main/AndroidManifest.xml:44:19-43
activity#com.facebook.FacebookActivity
ADDED from src/main/AndroidManifest.xml:45:9-48:47
	android:label
		ADDED from src/main/AndroidManifest.xml:48:13-45
	android:configChanges
		ADDED from src/main/AndroidManifest.xml:46:13-96
	android:theme
		ADDED from src/main/AndroidManifest.xml:47:13-72
	android:name
		ADDED from src/main/AndroidManifest.xml:45:19-63